# JRE version: OpenJDK Runtime Environment (11.0.12+7) (build 11.0.12+7-b1504.28-7817840)
# Java VM: OpenJDK 64-Bit Server VM (11.0.12+7-b1504.28-7817840, mixed mode, tiered, compressed oops, g1 gc, windows-amd64)
Heap:
 garbage-first heap   total 196608K, used 149172K [0x00000000a0000000, 0x0000000100000000)
  region size 1024K, 29 young (29696K), 6 survivors (6144K)
 Metaspace       used 90861K, capacity 94504K, committed 94592K, reserved 1130496K
  class space    used 12006K, capacity 13158K, committed 13184K, reserved 1048576K
GC Heap History (20 events):
Event: 55.660 GC heap before
{Heap before GC invocations=11 (full 0):
 garbage-first heap   total 196608K, used 123161K [0x00000000a0000000, 0x0000000100000000)
  region size 1024K, 88 young (90112K), 15 survivors (15360K)
 Metaspace       used 58593K, capacity 60102K, committed 60160K, reserved 1101824K
  class space    used 7438K, capacity 8015K, committed 8064K, reserved 1048576K
}
Event: 55.694 GC heap after
{Heap after GC invocations=12 (full 0):
 garbage-first heap   total 196608K, used 54067K [0x00000000a0000000, 0x0000000100000000)
  region size 1024K, 4 young (4096K), 4 survivors (4096K)
 Metaspace       used 58593K, capacity 60102K, committed 60160K, reserved 1101824K
  class space    used 7438K, capacity 8015K, committed 8064K, reserved 1048576K
}
Event: 60.863 GC heap before
{Heap before GC invocations=13 (full 0):
 garbage-first heap   total 196608K, used 139059K [0x00000000a0000000, 0x0000000100000000)
  region size 1024K, 87 young (89088K), 4 survivors (4096K)
 Metaspace       used 64643K, capacity 66164K, committed 66432K, reserved 1107968K
  class space    used 8209K, capacity 8764K, committed 8832K, reserved 1048576K
}
Event: 60.883 GC heap after
{Heap after GC invocations=14 (full 0):
 garbage-first heap   total 196608K, used 59445K [0x00000000a0000000, 0x0000000100000000)
  region size 1024K, 9 young (9216K), 9 survivors (9216K)
 Metaspace       used 64643K, capacity 66164K, committed 66432K, reserved 1107968K
  class space    used 8209K, capacity 8764K, committed 8832K, reserved 1048576K
}
Event: 67.375 GC heap before
{Heap before GC invocations=14 (full 0):
 garbage-first heap   total 196608K, used 146485K [0x00000000a0000000, 0x0000000100000000)
  region size 1024K, 92 young (94208K), 9 survivors (9216K)
 Metaspace       used 68092K, capacity 69885K, committed 70016K, reserved 1110016K
  class space    used 8641K, capacity 9306K, committed 9344K, reserved 1048576K
}
Event: 67.404 GC heap after
{Heap after GC invocations=15 (full 0):
 garbage-first heap   total 196608K, used 70176K [0x00000000a0000000, 0x0000000100000000)
  region size 1024K, 8 young (8192K), 8 survivors (8192K)
 Metaspace       used 68092K, capacity 69885K, committed 70016K, reserved 1110016K
  class space    used 8641K, capacity 9306K, committed 9344K, reserved 1048576K
}
Event: 72.380 GC heap before
{Heap before GC invocations=15 (full 0):
 garbage-first heap   total 196608K, used 150048K [0x00000000a0000000, 0x0000000100000000)
  region size 1024K, 86 young (88064K), 8 survivors (8192K)
 Metaspace       used 71838K, capacity 73844K, committed 73984K, reserved 1114112K
  class space    used 9222K, capacity 9903K, committed 9984K, reserved 1048576K
}
Event: 72.409 GC heap after
{Heap after GC invocations=16 (full 0):
 garbage-first heap   total 196608K, used 75075K [0x00000000a0000000, 0x0000000100000000)
  region size 1024K, 6 young (6144K), 6 survivors (6144K)
 Metaspace       used 71838K, capacity 73844K, committed 73984K, reserved 1114112K
  class space    used 9222K, capacity 9903K, committed 9984K, reserved 1048576K
}
Event: 77.148 GC heap before
{Heap before GC invocations=16 (full 0):
 garbage-first heap   total 196608K, used 152899K [0x00000000a0000000, 0x0000000100000000)
  region size 1024K, 82 young (83968K), 6 survivors (6144K)
 Metaspace       used 75921K, capacity 78034K, committed 78336K, reserved 1116160K
  class space    used 9892K, capacity 10653K, committed 10752K, reserved 1048576K
}
Event: 77.173 GC heap after
{Heap after GC invocations=17 (full 0):
 garbage-first heap   total 196608K, used 81180K [0x00000000a0000000, 0x0000000100000000)
  region size 1024K, 11 young (11264K), 11 survivors (11264K)
 Metaspace       used 75921K, capacity 78034K, committed 78336K, reserved 1116160K
  class space    used 9892K, capacity 10653K, committed 10752K, reserved 1048576K
}
Event: 89.313 GC heap before
{Heap before GC invocations=17 (full 0):
 garbage-first heap   total 196608K, used 156956K [0x00000000a0000000, 0x0000000100000000)
  region size 1024K, 84 young (86016K), 11 survivors (11264K)
 Metaspace       used 79139K, capacity 81737K, committed 81920K, reserved 1120256K
  class space    used 10343K, capacity 11255K, committed 11264K, reserved 1048576K
}
Event: 89.357 GC heap after
{Heap after GC invocations=18 (full 0):
 garbage-first heap   total 196608K, used 93333K [0x00000000a0000000, 0x0000000100000000)
  region size 1024K, 10 young (10240K), 10 survivors (10240K)
 Metaspace       used 79139K, capacity 81737K, committed 81920K, reserved 1120256K
  class space    used 10343K, capacity 11255K, committed 11264K, reserved 1048576K
}
Event: 98.197 GC heap before
{Heap before GC invocations=18 (full 0):
 garbage-first heap   total 196608K, used 158869K [0x00000000a0000000, 0x0000000100000000)
  region size 1024K, 72 young (73728K), 10 survivors (10240K)
 Metaspace       used 80441K, capacity 83700K, committed 83840K, reserved 1122304K
  class space    used 10513K, capacity 11543K, committed 11648K, reserved 1048576K
}
Event: 98.239 GC heap after
{Heap after GC invocations=19 (full 0):
 garbage-first heap   total 196608K, used 109991K [0x00000000a0000000, 0x0000000100000000)
  region size 1024K, 9 young (9216K), 9 survivors (9216K)
 Metaspace       used 80441K, capacity 83700K, committed 83840K, reserved 1122304K
  class space    used 10513K, capacity 11543K, committed 11648K, reserved 1048576K
}
Event: 100.643 GC heap before
{Heap before GC invocations=19 (full 0):
 garbage-first heap   total 196608K, used 157095K [0x00000000a0000000, 0x0000000100000000)
  region size 1024K, 55 young (56320K), 9 survivors (9216K)
 Metaspace       used 84134K, capacity 87437K, committed 87680K, reserved 1124352K
  class space    used 11066K, capacity 12097K, committed 12160K, reserved 1048576K
}
Event: 100.671 GC heap after
{Heap after GC invocations=20 (full 0):
 garbage-first heap   total 196608K, used 113260K [0x00000000a0000000, 0x0000000100000000)
  region size 1024K, 3 young (3072K), 3 survivors (3072K)
 Metaspace       used 84134K, capacity 87437K, committed 87680K, reserved 1124352K
  class space    used 11066K, capacity 12097K, committed 12160K, reserved 1048576K
}
Event: 104.061 GC heap before
{Heap before GC invocations=21 (full 0):
 garbage-first heap   total 196608K, used 159340K [0x00000000a0000000, 0x0000000100000000)
  region size 1024K, 48 young (49152K), 3 survivors (3072K)
 Metaspace       used 87457K, capacity 90791K, committed 90880K, reserved 1128448K
  class space    used 11444K, capacity 12486K, committed 12544K, reserved 1048576K
}
Event: 104.089 GC heap after
{Heap after GC invocations=22 (full 0):
 garbage-first heap   total 196608K, used 120832K [0x00000000a0000000, 0x0000000100000000)
  region size 1024K, 6 young (6144K), 6 survivors (6144K)
 Metaspace       used 87457K, capacity 90791K, committed 90880K, reserved 1128448K
  class space    used 11444K, capacity 12486K, committed 12544K, reserved 1048576K
}
Event: 105.737 GC heap before
{Heap before GC invocations=22 (full 0):
 garbage-first heap   total 196608K, used 160768K [0x00000000a0000000, 0x0000000100000000)
  region size 1024K, 45 young (46080K), 6 survivors (6144K)
 Metaspace       used 88977K, capacity 92460K, committed 92672K, reserved 1128448K
  class space    used 11646K, capacity 12685K, committed 12800K, reserved 1048576K
}
Event: 105.766 GC heap after
{Heap after GC invocations=23 (full 0):
 garbage-first heap   total 196608K, used 126644K [0x00000000a0000000, 0x0000000100000000)
  region size 1024K, 6 young (6144K), 6 survivors (6144K)
 Metaspace       used 88977K, capacity 92460K, committed 92672K, reserved 1128448K
  class space    used 11646K, capacity 12685K, committed 12800K, reserved 1048576K
}

